  Archivos.cpp
  Catalogo.cpp
  ClienteLinea.cpp
  Controladora.cpp
  Empresa.cpp
  InterfazTienda.cpp
  ListaFuente.cpp
  ListaParlante.cpp
  ListaProcesador.cpp
  Main.cpp
  Observer.cpp
  Persona.cpp
  Venta.cpp
  VentaDirecta.cpp
  VentaLinea.cpp
  VentasEmpresa.cpp
  Vista.cpp
  Generando código...
C:\Users\Anthony\Downloads\Visual\Proyecto Progra 2\Proyecto Progra 2\InterfazTienda.cpp(48): warning C4715: 'InterfazTienda::retornarClientePorCedula': no todas las rutas de acceso de control devuelven un valor
  Proyecto Progra 2.vcxproj -> C:\Users\Anthony\Downloads\Visual\Proyecto Progra 2\x64\Debug\Proyecto Progra 2.exe
