c:\users\dell\downloads\proyecto progra 2\proyecto progra 2\x64\debug\vc143.pdb
c:\users\dell\downloads\proyecto progra 2\proyecto progra 2\x64\debug\vc143.idb
c:\users\dell\downloads\proyecto progra 2\proyecto progra 2\x64\debug\observer.obj
c:\users\dell\downloads\proyecto progra 2\proyecto progra 2\x64\debug\microfono.obj
c:\users\dell\downloads\proyecto progra 2\proyecto progra 2\x64\debug\mezclador.obj
c:\users\dell\downloads\proyecto progra 2\proyecto progra 2\x64\debug\main.obj
c:\users\dell\downloads\proyecto progra 2\proyecto progra 2\x64\debug\listatraslados.obj
c:\users\dell\downloads\proyecto progra 2\proyecto progra 2\x64\debug\listaprocesador.obj
c:\users\dell\downloads\proyecto progra 2\proyecto progra 2\x64\debug\listaparlante.obj
c:\users\dell\downloads\proyecto progra 2\proyecto progra 2\x64\debug\listafuente.obj
c:\users\dell\downloads\proyecto progra 2\proyecto progra 2\x64\debug\interfaztienda.obj
c:\users\dell\downloads\proyecto progra 2\proyecto progra 2\x64\debug\fuenteabst.obj
c:\users\dell\downloads\proyecto progra 2\proyecto progra 2\x64\debug\excepciones.obj
c:\users\dell\downloads\proyecto progra 2\proyecto progra 2\x64\debug\empresa.obj
c:\users\dell\downloads\proyecto progra 2\proyecto progra 2\x64\debug\controladora.obj
c:\users\dell\downloads\proyecto progra 2\proyecto progra 2\x64\debug\clientelinea.obj
c:\users\dell\downloads\proyecto progra 2\proyecto progra 2\x64\debug\clientefisico.obj
c:\users\dell\downloads\proyecto progra 2\proyecto progra 2\x64\debug\catalogo.obj
c:\users\dell\downloads\proyecto progra 2\proyecto progra 2\x64\debug\bluetooth.obj
c:\users\dell\downloads\proyecto progra 2\proyecto progra 2\x64\debug\audifono.obj
c:\users\dell\downloads\proyecto progra 2\proyecto progra 2\x64\debug\archivos.obj
c:\users\dell\downloads\proyecto progra 2\proyecto progra 2\x64\debug\amplificador.obj
c:\users\dell\downloads\proyecto progra 2\proyecto progra 2\x64\debug\vista.obj
c:\users\dell\downloads\proyecto progra 2\proyecto progra 2\x64\debug\ventasempresa.obj
c:\users\dell\downloads\proyecto progra 2\proyecto progra 2\x64\debug\ventalinea.obj
c:\users\dell\downloads\proyecto progra 2\proyecto progra 2\x64\debug\ventadirecta.obj
c:\users\dell\downloads\proyecto progra 2\proyecto progra 2\x64\debug\venta.obj
c:\users\dell\downloads\proyecto progra 2\proyecto progra 2\x64\debug\unidadcd.obj
c:\users\dell\downloads\proyecto progra 2\proyecto progra 2\x64\debug\tornamesa.obj
c:\users\dell\downloads\proyecto progra 2\proyecto progra 2\x64\debug\sistema.obj
c:\users\dell\downloads\proyecto progra 2\proyecto progra 2\x64\debug\radio.obj
c:\users\dell\downloads\proyecto progra 2\proyecto progra 2\x64\debug\procesadorabst.obj
c:\users\dell\downloads\proyecto progra 2\proyecto progra 2\x64\debug\persona.obj
c:\users\dell\downloads\proyecto progra 2\proyecto progra 2\x64\debug\parlanteabst.obj
c:\users\dell\downloads\proyecto progra 2\proyecto progra 2\x64\debug\parlante.obj
c:\users\dell\downloads\proyecto progra 2\x64\debug\proyecto progra 2.exe
c:\users\dell\downloads\proyecto progra 2\proyecto progra 2\x64\debug\proyecto.d54354d4.tlog\cl.command.1.tlog
c:\users\dell\downloads\proyecto progra 2\proyecto progra 2\x64\debug\proyecto.d54354d4.tlog\cl.read.1.tlog
c:\users\dell\downloads\proyecto progra 2\proyecto progra 2\x64\debug\proyecto.d54354d4.tlog\cl.write.1.tlog
c:\users\dell\downloads\proyecto progra 2\proyecto progra 2\x64\debug\proyecto.d54354d4.tlog\link.command.1.tlog
c:\users\dell\downloads\proyecto progra 2\proyecto progra 2\x64\debug\proyecto.d54354d4.tlog\link.read.1.tlog
c:\users\dell\downloads\proyecto progra 2\proyecto progra 2\x64\debug\proyecto.d54354d4.tlog\link.write.1.tlog
